  [1m[36m (19.6ms)[0m  [1mCREATE TABLE "schema_migrations" ("version" character varying NOT NULL) [0m
  [1m[35m (1.8ms)[0m  CREATE UNIQUE INDEX  "unique_schema_migrations" ON "schema_migrations"  ("version")
  [1m[36mActiveRecord::SchemaMigration Load (1.0ms)[0m  [1mSELECT "schema_migrations".* FROM "schema_migrations"[0m
Migrating to CreateUsers (20150928193132)
  [1m[35m (0.2ms)[0m  BEGIN
  [1m[36m (12.3ms)[0m  [1mCREATE TABLE "users" ("id" serial primary key, "username" character varying, "password_digest" character varying, "github_id" character varying, "email" character varying, "created_at" timestamp NOT NULL, "updated_at" timestamp NOT NULL) [0m
  [1m[35mSQL (1.2ms)[0m  INSERT INTO "schema_migrations" ("version") VALUES ($1)  [["version", "20150928193132"]]
  [1m[36m (0.6ms)[0m  [1mCOMMIT[0m
  [1m[35mActiveRecord::SchemaMigration Load (0.4ms)[0m  SELECT "schema_migrations".* FROM "schema_migrations"
  [1m[36m (7.9ms)[0m  [1mSELECT t2.oid::regclass::text AS to_table, a1.attname AS column, a2.attname AS primary_key, c.conname AS name, c.confupdtype AS on_update, c.confdeltype AS on_delete
FROM pg_constraint c
JOIN pg_class t1 ON c.conrelid = t1.oid
JOIN pg_class t2 ON c.confrelid = t2.oid
JOIN pg_attribute a1 ON a1.attnum = c.conkey[1] AND a1.attrelid = t1.oid
JOIN pg_attribute a2 ON a2.attnum = c.confkey[1] AND a2.attrelid = t2.oid
JOIN pg_namespace t3 ON c.connamespace = t3.oid
WHERE c.contype = 'f'
  AND t1.relname = 'users'
  AND t3.nspname = ANY (current_schemas(false))
ORDER BY c.conname
[0m


Started GET "/" for ::1 at 2015-09-28 15:50:59 -0400
  [1m[36mActiveRecord::SchemaMigration Load (0.9ms)[0m  [1mSELECT "schema_migrations".* FROM "schema_migrations"[0m
Processing by ApplicationController#welcome as HTML
Redirected to http://localhost:3000/sign_in
Filter chain halted as :authenticate rendered or redirected
Completed 302 Found in 14ms (ActiveRecord: 0.0ms)


Started GET "/sign_in" for ::1 at 2015-09-28 15:51:00 -0400
Processing by UsersController#sign_in as HTML
  Rendered users/sign_in.html.erb within layouts/application (3.3ms)
Completed 200 OK in 1624ms (Views: 1618.7ms | ActiveRecord: 0.0ms)


Started POST "/sign_in" for ::1 at 2015-09-28 15:51:23 -0400
Processing by UsersController#sign_in! as HTML
  Parameters: {"utf8"=>"✓", "authenticity_token"=>"lTOj+ac9ffj+ctdVLo8tbaUwcI/DAIhoBELqsEHj9ZEi0xd+MLMwKeBx1PS7f3eUtIqoz6rWEktgnK2S70RANQ==", "username"=>"asdf", "password"=>"[FILTERED]"}
  [1m[35mUser Load (6.1ms)[0m  SELECT  "users".* FROM "users" WHERE "users"."username" = $1 LIMIT 1  [["username", "asdf"]]
Redirected to http://localhost:3000/sign_in
Completed 302 Found in 41ms (ActiveRecord: 9.1ms)


Started GET "/sign_in" for ::1 at 2015-09-28 15:51:23 -0400
Processing by UsersController#sign_in as HTML
  Rendered users/sign_in.html.erb within layouts/application (0.7ms)
Completed 200 OK in 93ms (Views: 91.9ms | ActiveRecord: 0.0ms)


Started GET "/sign_in" for ::1 at 2015-09-28 15:52:52 -0400
Processing by UsersController#sign_in as HTML
  Rendered users/sign_in.html.erb within layouts/application (1.3ms)
Completed 500 Internal Server Error in 98ms (ActiveRecord: 0.0ms)

ActionView::Template::Error (Missing partial users/__auth_nav with {:locale=>[:en], :formats=>[:html], :variants=>[], :handlers=>[:erb, :builder, :raw, :ruby, :coffee, :jbuilder]}. Searched in:
  * "/Applications/XAMPP/xamppfiles/htdocs/ga/tools/garnet/app/views"
):
     8: </head>
     9: <body>
    10:   <h1><span style="color:red;">GA</span>rNET</h1>
    11:   <%= render "users/_auth_nav" %>
    12: 
    13: <%= yield %>
    14: 
  app/views/layouts/application.html.erb:11:in `_app_views_layouts_application_html_erb___3620829040088948649_70268012047580'


  Rendered /Users/robertthomas/.rvm/gems/ruby-2.2.1/gems/actionpack-4.2.4/lib/action_dispatch/middleware/templates/rescues/_source.erb (10.3ms)
  Rendered /Users/robertthomas/.rvm/gems/ruby-2.2.1/gems/actionpack-4.2.4/lib/action_dispatch/middleware/templates/rescues/_trace.html.erb (5.7ms)
  Rendered /Users/robertthomas/.rvm/gems/ruby-2.2.1/gems/actionpack-4.2.4/lib/action_dispatch/middleware/templates/rescues/_request_and_response.html.erb (1.4ms)
  Rendered /Users/robertthomas/.rvm/gems/ruby-2.2.1/gems/actionpack-4.2.4/lib/action_dispatch/middleware/templates/rescues/template_error.html.erb within rescues/layout (130.2ms)
  Rendered /Users/robertthomas/.rvm/gems/ruby-2.2.1/gems/web-console-2.2.1/lib/web_console/templates/_markup.html.erb (0.5ms)
  Rendered /Users/robertthomas/.rvm/gems/ruby-2.2.1/gems/web-console-2.2.1/lib/web_console/templates/_inner_console_markup.html.erb within layouts/inlined_string (0.5ms)
  Rendered /Users/robertthomas/.rvm/gems/ruby-2.2.1/gems/web-console-2.2.1/lib/web_console/templates/_prompt_box_markup.html.erb within layouts/inlined_string (0.5ms)
  Rendered /Users/robertthomas/.rvm/gems/ruby-2.2.1/gems/web-console-2.2.1/lib/web_console/templates/style.css.erb within layouts/inlined_string (0.6ms)
  Rendered /Users/robertthomas/.rvm/gems/ruby-2.2.1/gems/web-console-2.2.1/lib/web_console/templates/console.js.erb within layouts/javascript (112.5ms)
  Rendered /Users/robertthomas/.rvm/gems/ruby-2.2.1/gems/web-console-2.2.1/lib/web_console/templates/main.js.erb within layouts/javascript (0.5ms)
  Rendered /Users/robertthomas/.rvm/gems/ruby-2.2.1/gems/web-console-2.2.1/lib/web_console/templates/error_page.js.erb within layouts/javascript (0.6ms)
  Rendered /Users/robertthomas/.rvm/gems/ruby-2.2.1/gems/web-console-2.2.1/lib/web_console/templates/index.html.erb (258.6ms)


Started GET "/sign_in" for ::1 at 2015-09-28 15:53:08 -0400
Processing by UsersController#sign_in as HTML
  Rendered users/sign_in.html.erb within layouts/application (0.4ms)
  Rendered users/_auth_nav.html.erb (1.2ms)
Completed 200 OK in 55ms (Views: 54.0ms | ActiveRecord: 0.0ms)


Started GET "/assets/application.self-e80e8f2318043e8af94dddc2adad5a4f09739a8ebb323b3ab31cd71d45fd9113.css?body=1" for ::1 at 2015-09-28 15:53:09 -0400


Started GET "/assets/jquery.self-a714331225dda820228db323939889f149aec0127aeb06255646b616ba1ca419.js?body=1" for ::1 at 2015-09-28 15:53:09 -0400


Started GET "/assets/application.self-3b8dabdc891efe46b9a144b400ad69e37d7e5876bdc39dee783419a69d7ca819.js?body=1" for ::1 at 2015-09-28 15:53:09 -0400


Started GET "/assets/turbolinks.self-c37727e9bd6b2735da5c311aa83fead54ed0be6cc8bd9a65309e9c5abe2cbfff.js?body=1" for ::1 at 2015-09-28 15:53:09 -0400


Started GET "/assets/jquery_ujs.self-d456baa54c1fa6be2ec3711f0a72ddf7a5b2f34a6b4f515f33767d6207b7d4b3.js?body=1" for ::1 at 2015-09-28 15:53:09 -0400


Started GET "/sign_up" for ::1 at 2015-09-28 15:53:13 -0400
Processing by UsersController#sign_up as HTML
  Rendered users/sign_up.html.erb within layouts/application (1.1ms)
  Rendered users/_auth_nav.html.erb (0.9ms)
Completed 200 OK in 54ms (Views: 53.6ms | ActiveRecord: 0.0ms)


Started POST "/sign_up" for ::1 at 2015-09-28 15:53:20 -0400
Processing by UsersController#sign_up! as HTML
  Parameters: {"utf8"=>"✓", "authenticity_token"=>"9Wt+W84szrIo+uptQcskAihePdchG6QKddvwV4UvEhFCi8rcWaKDYzb56czUO377OeTll0jNPikRBbd1K4intQ==", "username"=>"robin", "password"=>"[FILTERED]", "password_confirmation"=>"[FILTERED]"}
  [1m[36m (0.3ms)[0m  [1mBEGIN[0m
  [1m[35mUser Exists (0.6ms)[0m  SELECT  1 AS one FROM "users" WHERE "users"."username" = 'robin' LIMIT 1
  [1m[36mSQL (0.8ms)[0m  [1mINSERT INTO "users" ("username", "password_digest", "created_at", "updated_at") VALUES ($1, $2, $3, $4) RETURNING "id"[0m  [["username", "robin"], ["password_digest", "thomas"], ["created_at", "2015-09-28 19:53:20.119579"], ["updated_at", "2015-09-28 19:53:20.119579"]]
  [1m[35m (0.6ms)[0m  COMMIT
Redirected to http://localhost:3000/sign_up
Completed 302 Found in 36ms (ActiveRecord: 6.3ms)


Started GET "/sign_up" for ::1 at 2015-09-28 15:53:20 -0400
Processing by UsersController#sign_up as HTML
  Rendered users/sign_up.html.erb within layouts/application (0.9ms)
  Rendered users/_auth_nav.html.erb (0.2ms)
Completed 200 OK in 51ms (Views: 50.2ms | ActiveRecord: 0.0ms)


Started GET "/sign_up" for ::1 at 2015-09-28 15:57:49 -0400
Processing by UsersController#sign_up as HTML
  Rendered users/sign_up.html.erb within layouts/application (0.5ms)
  Rendered users/_auth_nav.html.erb (0.3ms)
Completed 200 OK in 72ms (Views: 70.7ms | ActiveRecord: 0.0ms)


Started GET "/assets/application.self-e80e8f2318043e8af94dddc2adad5a4f09739a8ebb323b3ab31cd71d45fd9113.css?body=1" for ::1 at 2015-09-28 15:57:50 -0400


Started GET "/assets/jquery.self-a714331225dda820228db323939889f149aec0127aeb06255646b616ba1ca419.js?body=1" for ::1 at 2015-09-28 15:57:50 -0400


Started GET "/assets/jquery_ujs.self-d456baa54c1fa6be2ec3711f0a72ddf7a5b2f34a6b4f515f33767d6207b7d4b3.js?body=1" for ::1 at 2015-09-28 15:57:50 -0400


Started GET "/assets/application.self-3b8dabdc891efe46b9a144b400ad69e37d7e5876bdc39dee783419a69d7ca819.js?body=1" for ::1 at 2015-09-28 15:57:50 -0400


Started GET "/assets/turbolinks.self-c37727e9bd6b2735da5c311aa83fead54ed0be6cc8bd9a65309e9c5abe2cbfff.js?body=1" for ::1 at 2015-09-28 15:57:50 -0400


Started GET "/" for ::1 at 2015-09-28 15:58:13 -0400
Processing by ApplicationController#welcome as HTML
Redirected to http://localhost:3000/sign_in
Filter chain halted as :authenticate rendered or redirected
Completed 302 Found in 2ms (ActiveRecord: 0.0ms)


Started GET "/sign_in" for ::1 at 2015-09-28 15:58:13 -0400
Processing by UsersController#sign_in as HTML
  Rendered users/sign_in.html.erb within layouts/application (0.5ms)
  Rendered users/_auth_nav.html.erb (0.1ms)
Completed 200 OK in 47ms (Views: 46.4ms | ActiveRecord: 0.0ms)


Started POST "/sign_in" for ::1 at 2015-09-28 15:58:18 -0400
Processing by UsersController#sign_in! as HTML
  Parameters: {"utf8"=>"✓", "authenticity_token"=>"QAxuR2hzrAENDJLxmWn614mQaAhkV5HOgzome+zrUJ737NrA//3h0BMPkVAMmaAumCqwSA2BC+3n5GFZQkzlOg==", "username"=>"robin", "password"=>"[FILTERED]"}
  [1m[36mUser Load (0.5ms)[0m  [1mSELECT  "users".* FROM "users" WHERE "users"."username" = $1 LIMIT 1[0m  [["username", "robin"]]
Redirected to http://localhost:3000/sign_in
Completed 302 Found in 19ms (ActiveRecord: 3.7ms)


Started GET "/sign_in" for ::1 at 2015-09-28 15:58:18 -0400
Processing by UsersController#sign_in as HTML
  Rendered users/sign_in.html.erb within layouts/application (0.3ms)
  Rendered users/_auth_nav.html.erb (0.2ms)
Completed 200 OK in 43ms (Views: 42.4ms | ActiveRecord: 0.0ms)


Started GET "/sign_in" for ::1 at 2015-09-28 15:58:23 -0400
Processing by UsersController#sign_in as HTML
  Rendered users/sign_in.html.erb within layouts/application (0.3ms)
  Rendered users/_auth_nav.html.erb (0.2ms)
Completed 200 OK in 51ms (Views: 49.7ms | ActiveRecord: 0.0ms)


Started GET "/assets/jquery.self-a714331225dda820228db323939889f149aec0127aeb06255646b616ba1ca419.js?body=1" for ::1 at 2015-09-28 15:58:23 -0400


Started GET "/assets/application.self-3b8dabdc891efe46b9a144b400ad69e37d7e5876bdc39dee783419a69d7ca819.js?body=1" for ::1 at 2015-09-28 15:58:23 -0400


Started GET "/assets/jquery_ujs.self-d456baa54c1fa6be2ec3711f0a72ddf7a5b2f34a6b4f515f33767d6207b7d4b3.js?body=1" for ::1 at 2015-09-28 15:58:23 -0400


Started GET "/assets/turbolinks.self-c37727e9bd6b2735da5c311aa83fead54ed0be6cc8bd9a65309e9c5abe2cbfff.js?body=1" for ::1 at 2015-09-28 15:58:23 -0400


Started GET "/assets/application.self-e80e8f2318043e8af94dddc2adad5a4f09739a8ebb323b3ab31cd71d45fd9113.css?body=1" for ::1 at 2015-09-28 15:58:23 -0400


Started GET "/sign_out" for ::1 at 2015-09-28 15:58:26 -0400
Processing by UsersController#sign_out as HTML
Redirected to http://localhost:3000/
Completed 302 Found in 1ms (ActiveRecord: 0.0ms)


Started GET "/" for ::1 at 2015-09-28 15:58:26 -0400
Processing by ApplicationController#welcome as HTML
  Rendered application/welcome.html.erb within layouts/application (0.5ms)
  Rendered users/_auth_nav.html.erb (0.2ms)
Completed 200 OK in 47ms (Views: 45.8ms | ActiveRecord: 0.0ms)


Started GET "/" for ::1 at 2015-09-28 15:58:28 -0400
Processing by ApplicationController#welcome as HTML
  Rendered application/welcome.html.erb within layouts/application (0.4ms)
  Rendered users/_auth_nav.html.erb (0.2ms)
Completed 200 OK in 39ms (Views: 38.2ms | ActiveRecord: 0.0ms)


Started GET "/assets/jquery.self-a714331225dda820228db323939889f149aec0127aeb06255646b616ba1ca419.js?body=1" for ::1 at 2015-09-28 15:58:28 -0400


Started GET "/assets/jquery_ujs.self-d456baa54c1fa6be2ec3711f0a72ddf7a5b2f34a6b4f515f33767d6207b7d4b3.js?body=1" for ::1 at 2015-09-28 15:58:28 -0400


Started GET "/assets/turbolinks.self-c37727e9bd6b2735da5c311aa83fead54ed0be6cc8bd9a65309e9c5abe2cbfff.js?body=1" for ::1 at 2015-09-28 15:58:28 -0400


Started GET "/assets/application.self-3b8dabdc891efe46b9a144b400ad69e37d7e5876bdc39dee783419a69d7ca819.js?body=1" for ::1 at 2015-09-28 15:58:28 -0400


Started GET "/assets/application.self-e80e8f2318043e8af94dddc2adad5a4f09739a8ebb323b3ab31cd71d45fd9113.css?body=1" for ::1 at 2015-09-28 15:58:28 -0400


Started GET "/" for ::1 at 2015-09-28 15:58:29 -0400
Processing by ApplicationController#welcome as HTML
  Rendered application/welcome.html.erb within layouts/application (0.1ms)
  Rendered users/_auth_nav.html.erb (0.1ms)
Completed 200 OK in 56ms (Views: 55.8ms | ActiveRecord: 0.0ms)


Started GET "/assets/jquery.self-a714331225dda820228db323939889f149aec0127aeb06255646b616ba1ca419.js?body=1" for ::1 at 2015-09-28 15:58:29 -0400


Started GET "/assets/turbolinks.self-c37727e9bd6b2735da5c311aa83fead54ed0be6cc8bd9a65309e9c5abe2cbfff.js?body=1" for ::1 at 2015-09-28 15:58:29 -0400


Started GET "/assets/jquery_ujs.self-d456baa54c1fa6be2ec3711f0a72ddf7a5b2f34a6b4f515f33767d6207b7d4b3.js?body=1" for ::1 at 2015-09-28 15:58:29 -0400


Started GET "/assets/application.self-3b8dabdc891efe46b9a144b400ad69e37d7e5876bdc39dee783419a69d7ca819.js?body=1" for ::1 at 2015-09-28 15:58:29 -0400


Started GET "/assets/application.self-e80e8f2318043e8af94dddc2adad5a4f09739a8ebb323b3ab31cd71d45fd9113.css?body=1" for ::1 at 2015-09-28 15:58:29 -0400


Started GET "/" for ::1 at 2015-09-28 15:58:58 -0400
Processing by ApplicationController#welcome as HTML
  Rendered application/welcome.html.erb within layouts/application (0.1ms)
  Rendered users/_auth_nav.html.erb (0.2ms)
Completed 200 OK in 71ms (Views: 67.0ms | ActiveRecord: 0.0ms)


Started GET "/assets/application.self-e80e8f2318043e8af94dddc2adad5a4f09739a8ebb323b3ab31cd71d45fd9113.css?body=1" for ::1 at 2015-09-28 15:58:58 -0400


Started GET "/assets/jquery.self-a714331225dda820228db323939889f149aec0127aeb06255646b616ba1ca419.js?body=1" for ::1 at 2015-09-28 15:58:58 -0400


Started GET "/assets/jquery_ujs.self-d456baa54c1fa6be2ec3711f0a72ddf7a5b2f34a6b4f515f33767d6207b7d4b3.js?body=1" for ::1 at 2015-09-28 15:58:58 -0400


Started GET "/assets/turbolinks.self-c37727e9bd6b2735da5c311aa83fead54ed0be6cc8bd9a65309e9c5abe2cbfff.js?body=1" for ::1 at 2015-09-28 15:58:58 -0400


Started GET "/assets/application.self-3b8dabdc891efe46b9a144b400ad69e37d7e5876bdc39dee783419a69d7ca819.js?body=1" for ::1 at 2015-09-28 15:58:58 -0400


Started GET "/sign_out" for ::1 at 2015-09-28 15:59:00 -0400
Processing by UsersController#sign_out as HTML
Redirected to http://localhost:3000/
Completed 302 Found in 2ms (ActiveRecord: 0.0ms)


Started GET "/" for ::1 at 2015-09-28 15:59:00 -0400
Processing by ApplicationController#welcome as HTML
Redirected to http://localhost:3000/sign_in
Filter chain halted as :authenticate rendered or redirected
Completed 302 Found in 1ms (ActiveRecord: 0.0ms)


Started GET "/sign_in" for ::1 at 2015-09-28 15:59:00 -0400
Processing by UsersController#sign_in as HTML
  Rendered users/sign_in.html.erb within layouts/application (1.1ms)
  Rendered users/_auth_nav.html.erb (0.2ms)
Completed 200 OK in 52ms (Views: 51.6ms | ActiveRecord: 0.0ms)


Started GET "/sign_in" for ::1 at 2015-09-28 15:59:01 -0400
Processing by UsersController#sign_in as HTML
  Rendered users/sign_in.html.erb within layouts/application (0.3ms)
  Rendered users/_auth_nav.html.erb (0.2ms)
Completed 200 OK in 51ms (Views: 49.9ms | ActiveRecord: 0.0ms)


Started GET "/assets/application.self-e80e8f2318043e8af94dddc2adad5a4f09739a8ebb323b3ab31cd71d45fd9113.css?body=1" for ::1 at 2015-09-28 15:59:01 -0400


Started GET "/assets/turbolinks.self-c37727e9bd6b2735da5c311aa83fead54ed0be6cc8bd9a65309e9c5abe2cbfff.js?body=1" for ::1 at 2015-09-28 15:59:01 -0400


Started GET "/assets/application.self-3b8dabdc891efe46b9a144b400ad69e37d7e5876bdc39dee783419a69d7ca819.js?body=1" for ::1 at 2015-09-28 15:59:01 -0400


Started GET "/assets/jquery.self-a714331225dda820228db323939889f149aec0127aeb06255646b616ba1ca419.js?body=1" for ::1 at 2015-09-28 15:59:01 -0400


Started GET "/assets/jquery_ujs.self-d456baa54c1fa6be2ec3711f0a72ddf7a5b2f34a6b4f515f33767d6207b7d4b3.js?body=1" for ::1 at 2015-09-28 15:59:01 -0400


Started GET "/sign_in" for ::1 at 2015-09-28 15:59:03 -0400
Processing by UsersController#sign_in as HTML
  Rendered users/sign_in.html.erb within layouts/application (0.4ms)
  Rendered users/_auth_nav.html.erb (0.1ms)
Completed 200 OK in 44ms (Views: 43.6ms | ActiveRecord: 0.0ms)


Started POST "/sign_in" for ::1 at 2015-09-28 15:59:05 -0400
Processing by UsersController#sign_in! as HTML
  Parameters: {"utf8"=>"✓", "authenticity_token"=>"aO5RmaAMe8I6AMGeSBKNDXWgNRrrduUkvQt0V/8GLAPtIWi5W+xtPs8Y4OduTZ5Ai9OrDDO4qs8VGPYJHtunJw==", "username"=>"robin", "password"=>"[FILTERED]"}
  [1m[35mUser Load (0.4ms)[0m  SELECT  "users".* FROM "users" WHERE "users"."username" = $1 LIMIT 1  [["username", "robin"]]
Redirected to http://localhost:3000/sign_in
Completed 302 Found in 19ms (ActiveRecord: 7.9ms)


Started GET "/sign_in" for ::1 at 2015-09-28 15:59:05 -0400
Processing by UsersController#sign_in as HTML
  Rendered users/sign_in.html.erb within layouts/application (0.3ms)
  Rendered users/_auth_nav.html.erb (0.1ms)
Completed 200 OK in 37ms (Views: 36.3ms | ActiveRecord: 0.0ms)


Started GET "/sign_in" for ::1 at 2015-09-28 15:59:21 -0400
Processing by UsersController#sign_in as HTML
  Rendered users/sign_in.html.erb within layouts/application (0.5ms)
  Rendered users/_auth_nav.html.erb (0.2ms)
Completed 200 OK in 71ms (Views: 69.8ms | ActiveRecord: 0.0ms)


Started GET "/assets/application.self-e80e8f2318043e8af94dddc2adad5a4f09739a8ebb323b3ab31cd71d45fd9113.css?body=1" for ::1 at 2015-09-28 15:59:22 -0400


Started GET "/assets/jquery_ujs.self-d456baa54c1fa6be2ec3711f0a72ddf7a5b2f34a6b4f515f33767d6207b7d4b3.js?body=1" for ::1 at 2015-09-28 15:59:22 -0400


Started GET "/assets/application.self-3b8dabdc891efe46b9a144b400ad69e37d7e5876bdc39dee783419a69d7ca819.js?body=1" for ::1 at 2015-09-28 15:59:22 -0400


Started GET "/assets/jquery.self-a714331225dda820228db323939889f149aec0127aeb06255646b616ba1ca419.js?body=1" for ::1 at 2015-09-28 15:59:22 -0400


Started GET "/assets/turbolinks.self-c37727e9bd6b2735da5c311aa83fead54ed0be6cc8bd9a65309e9c5abe2cbfff.js?body=1" for ::1 at 2015-09-28 15:59:22 -0400


Started GET "/sign_out" for ::1 at 2015-09-28 16:00:48 -0400
Processing by UsersController#sign_out as HTML
Redirected to http://localhost:3000/
Completed 302 Found in 2ms (ActiveRecord: 0.0ms)


Started GET "/" for ::1 at 2015-09-28 16:00:48 -0400
Processing by ApplicationController#welcome as HTML
Redirected to http://localhost:3000/sign_in
Filter chain halted as :authenticate rendered or redirected
Completed 302 Found in 1ms (ActiveRecord: 0.0ms)


Started GET "/sign_in" for ::1 at 2015-09-28 16:00:48 -0400
Processing by UsersController#sign_in as HTML
  Rendered users/sign_in.html.erb within layouts/application (0.5ms)
  Rendered users/_auth_nav.html.erb (0.1ms)
Completed 200 OK in 46ms (Views: 45.4ms | ActiveRecord: 0.0ms)


Started POST "/sign_in" for ::1 at 2015-09-28 16:00:51 -0400
Processing by UsersController#sign_in! as HTML
  Parameters: {"utf8"=>"✓", "authenticity_token"=>"Fml/cEOtoUTRRJxQWdVN3l0QmwG/WUhFB2uNZ+mIOnAeb4rQu4YC2YIv6u+DTTKAOx3HDvc7pLZlD/Mxh6Jw2g==", "username"=>"robin", "password"=>"[FILTERED]"}
  [1m[36mUser Load (0.4ms)[0m  [1mSELECT  "users".* FROM "users" WHERE "users"."username" = $1 LIMIT 1[0m  [["username", "robin"]]
Redirected to http://localhost:3000/
Completed 302 Found in 16ms (ActiveRecord: 3.7ms)


Started GET "/" for ::1 at 2015-09-28 16:00:51 -0400
Processing by ApplicationController#welcome as HTML
  Rendered application/welcome.html.erb within layouts/application (0.1ms)
  Rendered users/_auth_nav.html.erb (0.2ms)
Completed 200 OK in 42ms (Views: 40.9ms | ActiveRecord: 0.0ms)


Started GET "/sign_out" for ::1 at 2015-09-28 16:02:03 -0400
Processing by UsersController#sign_out as HTML
Redirected to http://localhost:3000/
Completed 302 Found in 2ms (ActiveRecord: 0.0ms)


Started GET "/" for ::1 at 2015-09-28 16:02:03 -0400
Processing by ApplicationController#welcome as HTML
Redirected to http://localhost:3000/sign_in
Filter chain halted as :authenticate rendered or redirected
Completed 302 Found in 1ms (ActiveRecord: 0.0ms)


Started GET "/sign_in" for ::1 at 2015-09-28 16:02:03 -0400
Processing by UsersController#sign_in as HTML
  Rendered users/sign_in.html.erb within layouts/application (0.4ms)
  Rendered users/_auth_nav.html.erb (0.1ms)
Completed 200 OK in 47ms (Views: 46.4ms | ActiveRecord: 0.0ms)


Started POST "/sign_in" for ::1 at 2015-09-28 16:02:08 -0400
Processing by UsersController#sign_in! as HTML
  Parameters: {"utf8"=>"✓", "authenticity_token"=>"hviAXkRypzBl94/3QCzyOSbPKpceey+P4M2E56TuhLdi5an+njhqT9HTobf+ZMsvpE8mRBh9XmiWmdi7wfhYKQ==", "username"=>"robin", "password"=>"[FILTERED]"}
  [1m[35mUser Load (0.4ms)[0m  SELECT  "users".* FROM "users" WHERE "users"."username" = $1 LIMIT 1  [["username", "robin"]]
Redirected to http://localhost:3000/
Completed 302 Found in 2ms (ActiveRecord: 0.4ms)


Started GET "/" for ::1 at 2015-09-28 16:02:08 -0400
Processing by ApplicationController#welcome as HTML
  Rendered application/welcome.html.erb within layouts/application (0.1ms)
  Rendered users/_auth_nav.html.erb (0.2ms)
Completed 200 OK in 50ms (Views: 49.0ms | ActiveRecord: 0.0ms)


Started GET "/sign_out" for ::1 at 2015-09-28 16:02:16 -0400
Processing by UsersController#sign_out as HTML
Redirected to http://localhost:3000/
Completed 302 Found in 4ms (ActiveRecord: 0.0ms)


Started GET "/" for ::1 at 2015-09-28 16:02:16 -0400
Processing by ApplicationController#welcome as HTML
Redirected to http://localhost:3000/sign_in
Filter chain halted as :authenticate rendered or redirected
Completed 302 Found in 1ms (ActiveRecord: 0.0ms)


Started GET "/sign_in" for ::1 at 2015-09-28 16:02:16 -0400
Processing by UsersController#sign_in as HTML
  Rendered users/sign_in.html.erb within layouts/application (0.3ms)
  Rendered users/_auth_nav.html.erb (0.1ms)
Completed 200 OK in 37ms (Views: 36.2ms | ActiveRecord: 0.0ms)


Started POST "/sign_in" for ::1 at 2015-09-28 16:02:19 -0400
Processing by UsersController#sign_in! as HTML
  Parameters: {"utf8"=>"✓", "authenticity_token"=>"YalgggPT5uytuSmWKvr8nUpPrLoePKmCakSl3TO8psc7+GMD06A8or5ln7yz+LssDWJNzePVOZ0rzd+QyAeDwQ==", "username"=>"robin", "password"=>"[FILTERED]"}
  [1m[36mUser Load (0.5ms)[0m  [1mSELECT  "users".* FROM "users" WHERE "users"."username" = $1 LIMIT 1[0m  [["username", "robin"]]
Redirected to http://localhost:3000/
Completed 302 Found in 4ms (ActiveRecord: 0.5ms)


Started GET "/" for ::1 at 2015-09-28 16:02:19 -0400
Processing by ApplicationController#welcome as HTML
  Rendered application/welcome.html.erb within layouts/application (0.1ms)
  Rendered users/_auth_nav.html.erb (0.2ms)
Completed 200 OK in 45ms (Views: 44.2ms | ActiveRecord: 0.0ms)


Started GET "/sign_out" for ::1 at 2015-09-28 16:02:22 -0400
Processing by UsersController#sign_out as HTML
Redirected to http://localhost:3000/
Completed 302 Found in 2ms (ActiveRecord: 0.0ms)


Started GET "/" for ::1 at 2015-09-28 16:02:22 -0400
Processing by ApplicationController#welcome as HTML
Redirected to http://localhost:3000/sign_in
Filter chain halted as :authenticate rendered or redirected
Completed 302 Found in 1ms (ActiveRecord: 0.0ms)


Started GET "/sign_in" for ::1 at 2015-09-28 16:02:22 -0400
Processing by UsersController#sign_in as HTML
  Rendered users/sign_in.html.erb within layouts/application (0.6ms)
  Rendered users/_auth_nav.html.erb (0.1ms)
Completed 200 OK in 43ms (Views: 42.0ms | ActiveRecord: 0.0ms)


Started GET "/sign_up" for ::1 at 2015-09-28 16:02:23 -0400
Processing by UsersController#sign_up as HTML
  Rendered users/sign_up.html.erb within layouts/application (0.4ms)
  Rendered users/_auth_nav.html.erb (0.1ms)
Completed 200 OK in 44ms (Views: 43.6ms | ActiveRecord: 0.0ms)


Started GET "/sign_up" for ::1 at 2015-09-28 16:02:48 -0400
Processing by UsersController#sign_up as HTML
  Rendered users/sign_up.html.erb within layouts/application (0.3ms)
  Rendered users/_auth_nav.html.erb (0.1ms)
Completed 200 OK in 182ms (Views: 181.9ms | ActiveRecord: 0.0ms)


Started GET "/assets/jquery.self-a714331225dda820228db323939889f149aec0127aeb06255646b616ba1ca419.js?body=1" for ::1 at 2015-09-28 16:02:49 -0400


Started GET "/assets/jquery_ujs.self-d456baa54c1fa6be2ec3711f0a72ddf7a5b2f34a6b4f515f33767d6207b7d4b3.js?body=1" for ::1 at 2015-09-28 16:02:49 -0400


Started GET "/assets/turbolinks.self-c37727e9bd6b2735da5c311aa83fead54ed0be6cc8bd9a65309e9c5abe2cbfff.js?body=1" for ::1 at 2015-09-28 16:02:49 -0400


Started GET "/assets/application.self-3b8dabdc891efe46b9a144b400ad69e37d7e5876bdc39dee783419a69d7ca819.js?body=1" for ::1 at 2015-09-28 16:02:49 -0400


Started GET "/assets/application.self-e80e8f2318043e8af94dddc2adad5a4f09739a8ebb323b3ab31cd71d45fd9113.css?body=1" for ::1 at 2015-09-28 16:02:49 -0400


Started GET "/" for ::1 at 2015-09-28 16:02:57 -0400
Processing by ApplicationController#welcome as HTML
Redirected to http://localhost:3000/sign_in
Filter chain halted as :authenticate rendered or redirected
Completed 302 Found in 1ms (ActiveRecord: 0.0ms)


Started GET "/sign_in" for ::1 at 2015-09-28 16:02:57 -0400
Processing by UsersController#sign_in as HTML
  Rendered users/sign_in.html.erb within layouts/application (0.4ms)
  Rendered users/_auth_nav.html.erb (0.1ms)
Completed 200 OK in 50ms (Views: 48.8ms | ActiveRecord: 0.0ms)


Started GET "/" for ::1 at 2015-09-28 16:02:58 -0400
Processing by ApplicationController#welcome as HTML
Redirected to http://localhost:3000/sign_in
Filter chain halted as :authenticate rendered or redirected
Completed 302 Found in 1ms (ActiveRecord: 0.0ms)


Started GET "/sign_in" for ::1 at 2015-09-28 16:02:58 -0400
Processing by UsersController#sign_in as HTML
  Rendered users/sign_in.html.erb within layouts/application (0.3ms)
  Rendered users/_auth_nav.html.erb (0.1ms)
Completed 200 OK in 48ms (Views: 47.7ms | ActiveRecord: 0.0ms)
